<?xml version="1.0" encoding="utf-8"?><testsuites><testsuite name="pytest" errors="0" failures="6" skipped="0" tests="12" time="23.679" timestamp="2026-07-15T12:19:17.483373+03:00" hostname="DESKTOP-7HGVNBQ"><testcase classname="tests.test_api_bet_validation.TestStakeBoundaryValidation" name="test_stake_below_minimum_is_rejected[zero-home]" time="3.738" /><testcase classname="tests.test_api_bet_validation.TestStakeBoundaryValidation" name="test_stake_below_minimum_is_rejected[zero-draw]" time="1.686" /><testcase classname="tests.test_api_bet_validation.TestStakeBoundaryValidation" name="test_stake_below_minimum_is_rejected[zero-away]" time="1.555" /><testcase classname="tests.test_api_bet_validation.TestStakeBoundaryValidation" name="test_stake_below_minimum_is_rejected[negative_whole-home]" time="1.869"><failure message="pydantic_core._pydantic_core.ValidationError: 1 validation error for BetErrorResponse&#10;error&#10;  Field required [type=missing, input_value={'message': 'Bet placed s... 121, 'currency': 'USD'}, input_type=dict]&#10;    For further information visit https://errors.pydantic.dev/2.13/v/missing">self = &lt;tests.test_api_bet_validation.TestStakeBoundaryValidation object at 0x0000020CB7D92660&gt;, api_client = &lt;api_client.betting_api.BettingAPIClient object at 0x0000020CB7D92D20&gt;, reset_balance = None
valid_match_id = 'premier-league-manutd-chelsea', stake = -1, outcome = 'HOME'

        @pytest.mark.api
        @pytest.mark.parametrize(
        "outcome",
        ["HOME", "DRAW", "AWAY"],
        ids=["home", "draw", "away"]
    )
        @pytest.mark.parametrize(
            "stake",
            [0, -1, -0.01, MIN_STAKE - 0.01],
            ids=["zero", "negative_whole", "negative_fraction", "just_below_min"],
        )
        def test_stake_below_minimum_is_rejected(
            self, api_client, reset_balance, valid_match_id, stake, outcome
        ):
            response = api_client.place_bet(valid_match_id, outcome, stake)
&gt;           body = BetErrorResponse(**response.json())
E           pydantic_core._pydantic_core.ValidationError: 1 validation error for BetErrorResponse
E           error
E             Field required [type=missing, input_value={'message': 'Bet placed s... 121, 'currency': 'USD'}, input_type=dict]
E               For further information visit https://errors.pydantic.dev/2.13/v/missing

tests\test_api_bet_validation.py:49: ValidationError</failure></testcase><testcase classname="tests.test_api_bet_validation.TestStakeBoundaryValidation" name="test_stake_below_minimum_is_rejected[negative_whole-draw]" time="2.010"><failure message="pydantic_core._pydantic_core.ValidationError: 1 validation error for BetErrorResponse&#10;error&#10;  Field required [type=missing, input_value={'message': 'Bet placed s... 121, 'currency': 'USD'}, input_type=dict]&#10;    For further information visit https://errors.pydantic.dev/2.13/v/missing">self = &lt;tests.test_api_bet_validation.TestStakeBoundaryValidation object at 0x0000020CB7D92600&gt;, api_client = &lt;api_client.betting_api.BettingAPIClient object at 0x0000020CB7DD5CD0&gt;, reset_balance = None
valid_match_id = 'premier-league-manutd-chelsea', stake = -1, outcome = 'DRAW'

        @pytest.mark.api
        @pytest.mark.parametrize(
        "outcome",
        ["HOME", "DRAW", "AWAY"],
        ids=["home", "draw", "away"]
    )
        @pytest.mark.parametrize(
            "stake",
            [0, -1, -0.01, MIN_STAKE - 0.01],
            ids=["zero", "negative_whole", "negative_fraction", "just_below_min"],
        )
        def test_stake_below_minimum_is_rejected(
            self, api_client, reset_balance, valid_match_id, stake, outcome
        ):
            response = api_client.place_bet(valid_match_id, outcome, stake)
&gt;           body = BetErrorResponse(**response.json())
E           pydantic_core._pydantic_core.ValidationError: 1 validation error for BetErrorResponse
E           error
E             Field required [type=missing, input_value={'message': 'Bet placed s... 121, 'currency': 'USD'}, input_type=dict]
E               For further information visit https://errors.pydantic.dev/2.13/v/missing

tests\test_api_bet_validation.py:49: ValidationError</failure></testcase><testcase classname="tests.test_api_bet_validation.TestStakeBoundaryValidation" name="test_stake_below_minimum_is_rejected[negative_whole-away]" time="1.970"><failure message="pydantic_core._pydantic_core.ValidationError: 1 validation error for BetErrorResponse&#10;error&#10;  Field required [type=missing, input_value={'message': 'Bet placed s... 121, 'currency': 'USD'}, input_type=dict]&#10;    For further information visit https://errors.pydantic.dev/2.13/v/missing">self = &lt;tests.test_api_bet_validation.TestStakeBoundaryValidation object at 0x0000020CB7D92E40&gt;, api_client = &lt;api_client.betting_api.BettingAPIClient object at 0x0000020CB7DD7AD0&gt;, reset_balance = None
valid_match_id = 'premier-league-manutd-chelsea', stake = -1, outcome = 'AWAY'

        @pytest.mark.api
        @pytest.mark.parametrize(
        "outcome",
        ["HOME", "DRAW", "AWAY"],
        ids=["home", "draw", "away"]
    )
        @pytest.mark.parametrize(
            "stake",
            [0, -1, -0.01, MIN_STAKE - 0.01],
            ids=["zero", "negative_whole", "negative_fraction", "just_below_min"],
        )
        def test_stake_below_minimum_is_rejected(
            self, api_client, reset_balance, valid_match_id, stake, outcome
        ):
            response = api_client.place_bet(valid_match_id, outcome, stake)
&gt;           body = BetErrorResponse(**response.json())
E           pydantic_core._pydantic_core.ValidationError: 1 validation error for BetErrorResponse
E           error
E             Field required [type=missing, input_value={'message': 'Bet placed s... 121, 'currency': 'USD'}, input_type=dict]
E               For further information visit https://errors.pydantic.dev/2.13/v/missing

tests\test_api_bet_validation.py:49: ValidationError</failure></testcase><testcase classname="tests.test_api_bet_validation.TestStakeBoundaryValidation" name="test_stake_below_minimum_is_rejected[negative_fraction-home]" time="1.808"><failure message="pydantic_core._pydantic_core.ValidationError: 1 validation error for BetErrorResponse&#10;error&#10;  Field required [type=missing, input_value={'message': 'Bet placed s...0.01, 'currency': 'USD'}, input_type=dict]&#10;    For further information visit https://errors.pydantic.dev/2.13/v/missing">self = &lt;tests.test_api_bet_validation.TestStakeBoundaryValidation object at 0x0000020CB7D92ED0&gt;, api_client = &lt;api_client.betting_api.BettingAPIClient object at 0x0000020CB7D91EE0&gt;, reset_balance = None
valid_match_id = 'premier-league-manutd-chelsea', stake = -0.01, outcome = 'HOME'

        @pytest.mark.api
        @pytest.mark.parametrize(
        "outcome",
        ["HOME", "DRAW", "AWAY"],
        ids=["home", "draw", "away"]
    )
        @pytest.mark.parametrize(
            "stake",
            [0, -1, -0.01, MIN_STAKE - 0.01],
            ids=["zero", "negative_whole", "negative_fraction", "just_below_min"],
        )
        def test_stake_below_minimum_is_rejected(
            self, api_client, reset_balance, valid_match_id, stake, outcome
        ):
            response = api_client.place_bet(valid_match_id, outcome, stake)
&gt;           body = BetErrorResponse(**response.json())
E           pydantic_core._pydantic_core.ValidationError: 1 validation error for BetErrorResponse
E           error
E             Field required [type=missing, input_value={'message': 'Bet placed s...0.01, 'currency': 'USD'}, input_type=dict]
E               For further information visit https://errors.pydantic.dev/2.13/v/missing

tests\test_api_bet_validation.py:49: ValidationError</failure></testcase><testcase classname="tests.test_api_bet_validation.TestStakeBoundaryValidation" name="test_stake_below_minimum_is_rejected[negative_fraction-draw]" time="1.956"><failure message="pydantic_core._pydantic_core.ValidationError: 1 validation error for BetErrorResponse&#10;error&#10;  Field required [type=missing, input_value={'message': 'Bet placed s...0.01, 'currency': 'USD'}, input_type=dict]&#10;    For further information visit https://errors.pydantic.dev/2.13/v/missing">self = &lt;tests.test_api_bet_validation.TestStakeBoundaryValidation object at 0x0000020CB7D92F60&gt;, api_client = &lt;api_client.betting_api.BettingAPIClient object at 0x0000020CB5311A30&gt;, reset_balance = None
valid_match_id = 'premier-league-manutd-chelsea', stake = -0.01, outcome = 'DRAW'

        @pytest.mark.api
        @pytest.mark.parametrize(
        "outcome",
        ["HOME", "DRAW", "AWAY"],
        ids=["home", "draw", "away"]
    )
        @pytest.mark.parametrize(
            "stake",
            [0, -1, -0.01, MIN_STAKE - 0.01],
            ids=["zero", "negative_whole", "negative_fraction", "just_below_min"],
        )
        def test_stake_below_minimum_is_rejected(
            self, api_client, reset_balance, valid_match_id, stake, outcome
        ):
            response = api_client.place_bet(valid_match_id, outcome, stake)
&gt;           body = BetErrorResponse(**response.json())
E           pydantic_core._pydantic_core.ValidationError: 1 validation error for BetErrorResponse
E           error
E             Field required [type=missing, input_value={'message': 'Bet placed s...0.01, 'currency': 'USD'}, input_type=dict]
E               For further information visit https://errors.pydantic.dev/2.13/v/missing

tests\test_api_bet_validation.py:49: ValidationError</failure></testcase><testcase classname="tests.test_api_bet_validation.TestStakeBoundaryValidation" name="test_stake_below_minimum_is_rejected[negative_fraction-away]" time="1.939"><failure message="pydantic_core._pydantic_core.ValidationError: 1 validation error for BetErrorResponse&#10;error&#10;  Field required [type=missing, input_value={'message': 'Bet placed s...0.01, 'currency': 'USD'}, input_type=dict]&#10;    For further information visit https://errors.pydantic.dev/2.13/v/missing">self = &lt;tests.test_api_bet_validation.TestStakeBoundaryValidation object at 0x0000020CB7D92FF0&gt;, api_client = &lt;api_client.betting_api.BettingAPIClient object at 0x0000020CB7DD64B0&gt;, reset_balance = None
valid_match_id = 'premier-league-manutd-chelsea', stake = -0.01, outcome = 'AWAY'

        @pytest.mark.api
        @pytest.mark.parametrize(
        "outcome",
        ["HOME", "DRAW", "AWAY"],
        ids=["home", "draw", "away"]
    )
        @pytest.mark.parametrize(
            "stake",
            [0, -1, -0.01, MIN_STAKE - 0.01],
            ids=["zero", "negative_whole", "negative_fraction", "just_below_min"],
        )
        def test_stake_below_minimum_is_rejected(
            self, api_client, reset_balance, valid_match_id, stake, outcome
        ):
            response = api_client.place_bet(valid_match_id, outcome, stake)
&gt;           body = BetErrorResponse(**response.json())
E           pydantic_core._pydantic_core.ValidationError: 1 validation error for BetErrorResponse
E           error
E             Field required [type=missing, input_value={'message': 'Bet placed s...0.01, 'currency': 'USD'}, input_type=dict]
E               For further information visit https://errors.pydantic.dev/2.13/v/missing

tests\test_api_bet_validation.py:49: ValidationError</failure></testcase><testcase classname="tests.test_api_bet_validation.TestStakeBoundaryValidation" name="test_stake_below_minimum_is_rejected[just_below_min-home]" time="1.513" /><testcase classname="tests.test_api_bet_validation.TestStakeBoundaryValidation" name="test_stake_below_minimum_is_rejected[just_below_min-draw]" time="1.462" /><testcase classname="tests.test_api_bet_validation.TestStakeBoundaryValidation" name="test_stake_below_minimum_is_rejected[just_below_min-away]" time="1.622" /></testsuite></testsuites>